<?xml version="1.0" encoding="UTF-8"?>
<!-- Generated by org.testng.reporters.JUnitReportReporter -->
<testsuite skipped="0" hostname="LAPTOP-P23OILEH" name="DataDriven_TestCase.Tc1" tests="1" failures="0" timestamp="29 Nov 2020 12:42:09 GMT" time="1.071" errors="0">
  <testcase name="maching" time="1.071" classname="DataDriven_TestCase.Tc1"/>
</testsuite> <!-- DataDriven_TestCase.Tc1 -->
