<?xml version="1.0" encoding="UTF-8"?>
<!-- Generated by org.testng.reporters.JUnitReportReporter -->
<testsuite skipped="0" hostname="LAPTOP-P23OILEH" name="AdvancedUserInteraction.Tc1" tests="1" failures="0" timestamp="12 Feb 2020 09:02:02 GMT" time="5.098" errors="0">
  <testcase name="data" time="5.098" classname="AdvancedUserInteraction.Tc1"/>
</testsuite> <!-- AdvancedUserInteraction.Tc1 -->
