<?xml version="1.0" encoding="UTF-8"?>
<!-- Generated by org.testng.reporters.JUnitReportReporter -->
<testsuite skipped="0" hostname="LAPTOP-P23OILEH" name="ProgrameWithFramework_07.POM_FRMWOK_Execu" tests="1" failures="0" timestamp="28 Nov 2020 12:29:38 GMT" time="146.666" errors="0">
  <testcase name="techm" time="146.666" classname="ProgrameWithFramework_07.POM_FRMWOK_Execu"/>
</testsuite> <!-- ProgrameWithFramework_07.POM_FRMWOK_Execu -->
