<?xml version="1.0" encoding="UTF-8"?>
<!-- Generated by org.testng.reporters.JUnitReportReporter -->
<testsuite skipped="0" hostname="LAPTOP-P23OILEH" name="TestNG.Webtable" tests="1" failures="0" timestamp="05 Feb 2020 01:36:58 GMT" time="0.060" errors="0">
  <testcase name="count" time="0.060" classname="TestNG.Webtable"/>
</testsuite> <!-- TestNG.Webtable -->
