<?xml version="1.0" encoding="UTF-8"?>
<!-- Generated by org.testng.reporters.JUnitReportReporter -->
<testsuite skipped="0" hostname="LAPTOP-P23OILEH" name="AdvancedUserInteraction.Tc2" tests="1" failures="0" timestamp="12 Feb 2020 09:09:48 GMT" time="8.502" errors="0">
  <testcase name="data" time="8.502" classname="AdvancedUserInteraction.Tc2"/>
</testsuite> <!-- AdvancedUserInteraction.Tc2 -->
