<?xml version="1.0" encoding="UTF-8"?>
<!-- Generated by org.testng.reporters.JUnitReportReporter -->
<testsuite skipped="0" hostname="LAPTOP-P23OILEH" name="com.testing.DDFramework.Tc2" tests="1" failures="0" timestamp="28 Feb 2020 10:11:38 GMT" time="53.977" errors="0">
  <testcase name="operation" time="53.977" classname="com.testing.DDFramework.Tc2"/>
</testsuite> <!-- com.testing.DDFramework.Tc2 -->
