<?xml version="1.0" encoding="UTF-8"?>
<!-- Generated by org.testng.reporters.JUnitReportReporter -->
<testsuite skipped="0" hostname="LAPTOP-P23OILEH" name="ProgrameWithFarook_05.DatePicker_Tc2" tests="1" failures="0" timestamp="25 Nov 2020 09:13:33 GMT" time="0.084" errors="0">
  <testcase name="spiceJet" time="0.084" classname="ProgrameWithFarook_05.DatePicker_Tc2"/>
</testsuite> <!-- ProgrameWithFarook_05.DatePicker_Tc2 -->
