<?xml version="1.0" encoding="UTF-8"?>
<!-- Generated by org.testng.reporters.JUnitReportReporter -->
<testsuite skipped="0" hostname="LAPTOP-P23OILEH" name="TestNG.TestngEx1" tests="4" failures="0" timestamp="03 Feb 2020 17:04:44 GMT" time="0.022" errors="0">
  <testcase name="register" time="0.010" classname="TestNG.TestngEx1"/>
  <testcase name="login" time="0.002" classname="TestNG.TestngEx1"/>
  <testcase name="logout" time="0.004" classname="TestNG.TestngEx1"/>
  <testcase name="sending" time="0.006" classname="TestNG.TestngEx1"/>
</testsuite> <!-- TestNG.TestngEx1 -->
