<?xml version="1.0" encoding="UTF-8"?>
<!-- Generated by org.testng.reporters.JUnitReportReporter -->
<testsuite skipped="0" hostname="LAPTOP-P23OILEH" name="PageObjectModel.OrangeHRMTc1" tests="1" failures="0" timestamp="05 Mar 2020 19:38:09 GMT" time="41.972" errors="0">
  <testcase name="operation" time="41.972" classname="PageObjectModel.OrangeHRMTc1"/>
</testsuite> <!-- PageObjectModel.OrangeHRMTc1 -->
