<?xml version="1.0" encoding="UTF-8"?>
<!-- Generated by org.testng.reporters.JUnitReportReporter -->
<testsuite skipped="0" hostname="LAPTOP-P23OILEH" name="TestNG.FrameTc2" tests="1" failures="0" timestamp="06 Feb 2020 18:47:33 GMT" time="0.404" errors="0">
  <testcase name="data" time="0.404" classname="TestNG.FrameTc2"/>
</testsuite> <!-- TestNG.FrameTc2 -->
