<?xml version="1.0" encoding="UTF-8"?>
<!-- Generated by org.testng.reporters.JUnitReportReporter -->
<testsuite skipped="0" hostname="LAPTOP-P23OILEH" name="com.selenium.ExcelFileRead.Tc11" tests="1" failures="0" timestamp="26 Feb 2020 06:29:01 GMT" time="0.225" errors="0">
  <testcase name="test" time="0.225" classname="com.selenium.ExcelFileRead.Tc11"/>
</testsuite> <!-- com.selenium.ExcelFileRead.Tc11 -->
