<?xml version="1.0" encoding="UTF-8"?>
<!-- Generated by org.testng.reporters.JUnitReportReporter -->
<testsuite skipped="0" hostname="LAPTOP-P23OILEH" name="com.first.javaScriptExecutor.DataPickerTc2" tests="1" failures="0" timestamp="18 Feb 2020 19:37:21 GMT" time="5.061" errors="0">
  <testcase name="data1" time="5.061" classname="com.first.javaScriptExecutor.DataPickerTc2"/>
</testsuite> <!-- com.first.javaScriptExecutor.DataPickerTc2 -->
