<?xml version="1.0" encoding="UTF-8"?>
<!-- Generated by org.testng.reporters.JUnitReportReporter -->
<testsuite skipped="0" hostname="LAPTOP-P23OILEH" name="HybridFramework.Tc2Newtour" tests="1" failures="0" timestamp="05 Mar 2020 04:29:19 GMT" time="60.480" errors="0">
  <testcase name="test" time="60.480" classname="HybridFramework.Tc2Newtour"/>
</testsuite> <!-- HybridFramework.Tc2Newtour -->
