<?xml version="1.0" encoding="UTF-8"?>
<!-- Generated by org.testng.reporters.JUnitReportReporter -->
<testsuite skipped="0" hostname="LAPTOP-P23OILEH" name="Popups.PopupsEx1" tests="1" failures="0" timestamp="13 Feb 2020 17:56:50 GMT" time="4.810" errors="0">
  <testcase name="data1" time="4.810" classname="Popups.PopupsEx1"/>
</testsuite> <!-- Popups.PopupsEx1 -->
