<?xml version="1.0" encoding="UTF-8"?>
<!-- Generated by org.testng.reporters.JUnitReportReporter -->
<testsuite skipped="0" hostname="LAPTOP-P23OILEH" name="com.testing.DDFramework.Tc1" tests="1" failures="0" timestamp="28 Feb 2020 07:01:36 GMT" time="72.860" errors="0">
  <testcase name="operation" time="72.860" classname="com.testing.DDFramework.Tc1"/>
</testsuite> <!-- com.testing.DDFramework.Tc1 -->
