<?xml version="1.0" encoding="UTF-8"?>
<!-- Generated by org.testng.reporters.JUnitReportReporter -->
<testsuite skipped="0" hostname="LAPTOP-P23OILEH" name="DataDriven_TestCase.Tc2" tests="1" failures="0" timestamp="29 Nov 2020 13:11:49 GMT" time="2.055" errors="0">
  <testcase name="maching" time="2.055" classname="DataDriven_TestCase.Tc2"/>
</testsuite> <!-- DataDriven_TestCase.Tc2 -->
