<?xml version="1.0" encoding="UTF-8"?>
<!-- Generated by org.testng.reporters.JUnitReportReporter -->
<testsuite skipped="0" hostname="LAPTOP-P23OILEH" name="TestNG.CountRC" tests="1" failures="0" timestamp="05 Feb 2020 01:33:50 GMT" time="0.314" errors="0">
  <testcase name="count" time="0.314" classname="TestNG.CountRC"/>
</testsuite> <!-- TestNG.CountRC -->
