<?xml version="1.0" encoding="UTF-8"?>
<!-- Generated by org.testng.reporters.JUnitReportReporter -->
<testsuite skipped="0" hostname="LAPTOP-P23OILEH" name="WindowElement.Autoit" tests="1" failures="0" timestamp="01 Sep 2020 05:12:19 GMT" time="91.378" errors="0">
  <testcase name="downloadPic" time="91.378" classname="WindowElement.Autoit"/>
</testsuite> <!-- WindowElement.Autoit -->
