<?xml version="1.0" encoding="UTF-8"?>
<!-- Generated by org.testng.reporters.JUnitReportReporter -->
<testsuite skipped="0" hostname="LAPTOP-P23OILEH" name="OrgHrmLoginByPropertiesFile" tests="1" failures="0" timestamp="20 Feb 2020 17:12:15 GMT" time="5.913" errors="0">
  <testcase name="test" time="5.913" classname="OrgHrmLoginByPropertiesFile"/>
</testsuite> <!-- OrgHrmLoginByPropertiesFile -->
