<?xml version="1.0" encoding="UTF-8"?>
<!-- Generated by org.testng.reporters.JUnitReportReporter -->
<testsuite skipped="0" hostname="LAPTOP-P23OILEH" name="ProgrameWithFarook_06.Apa_poi_Tc1" tests="1" failures="0" timestamp="27 Nov 2020 08:12:31 GMT" time="1.835" errors="0">
  <testcase name="Tvs_Apache_180" time="1.835" classname="ProgrameWithFarook_06.Apa_poi_Tc1"/>
</testsuite> <!-- ProgrameWithFarook_06.Apa_poi_Tc1 -->
