<?xml version="1.0" encoding="UTF-8"?>
<!-- Generated by org.testng.reporters.JUnitReportReporter -->
<testsuite skipped="0" hostname="LAPTOP-P23OILEH" name="ProgrameWithFarook_04.AutoitTc1" tests="1" failures="0" timestamp="22 Nov 2020 10:38:26 GMT" time="13.328" errors="0">
  <testcase name="oppCell" time="13.328" classname="ProgrameWithFarook_04.AutoitTc1"/>
</testsuite> <!-- ProgrameWithFarook_04.AutoitTc1 -->
