<?xml version="1.0" encoding="UTF-8"?>
<!-- Generated by org.testng.reporters.JUnitReportReporter -->
<testsuite skipped="0" hostname="LAPTOP-P23OILEH" name="TestNG.WebtableTc4" tests="1" failures="0" timestamp="05 Feb 2020 01:39:51 GMT" time="1.873" errors="0">
  <testcase name="countName" time="1.873" classname="TestNG.WebtableTc4"/>
</testsuite> <!-- TestNG.WebtableTc4 -->
