<?xml version="1.0" encoding="UTF-8"?>
<!-- Generated by org.testng.reporters.JUnitReportReporter -->
<testsuite skipped="0" hostname="LAPTOP-P23OILEH" name="com.first.javaScriptExecutor.Tc1" tests="1" failures="0" timestamp="25 Nov 2020 04:06:34 GMT" time="10.105" errors="0">
  <testcase name="test" time="10.105" classname="com.first.javaScriptExecutor.Tc1"/>
</testsuite> <!-- com.first.javaScriptExecutor.Tc1 -->
