<?xml version="1.0" encoding="UTF-8"?>
<!-- Generated by org.testng.reporters.JUnitReportReporter -->
<testsuite skipped="0" hostname="LAPTOP-P23OILEH" name="ProgrameWithFarook_03.Alert_Tc1" tests="1" failures="0" timestamp="25 Nov 2020 03:35:12 GMT" time="3.280" errors="0">
  <testcase name="alert" time="3.280" classname="ProgrameWithFarook_03.Alert_Tc1"/>
</testsuite> <!-- ProgrameWithFarook_03.Alert_Tc1 -->
