<?xml version="1.0" encoding="UTF-8"?>
<!-- Generated by org.testng.reporters.JUnitReportReporter -->
<testsuite skipped="0" hostname="LAPTOP-P23OILEH" name="com.testing.DDFramework.Task2Neutours" tests="1" failures="0" timestamp="01 Mar 2020 09:20:16 GMT" time="55.246" errors="0">
  <testcase name="operation" time="55.246" classname="com.testing.DDFramework.Task2Neutours"/>
</testsuite> <!-- com.testing.DDFramework.Task2Neutours -->
