<?xml version="1.0" encoding="UTF-8"?>
<!-- Generated by org.testng.reporters.JUnitReportReporter -->
<testsuite skipped="0" hostname="LAPTOP-P23OILEH" name="com.selenium.keyword.DriverScript" tests="1" failures="0" timestamp="03 Mar 2020 04:31:25 GMT" time="11.804" errors="0">
  <testcase name="login" time="11.804" classname="com.selenium.keyword.DriverScript"/>
</testsuite> <!-- com.selenium.keyword.DriverScript -->
