<?xml version="1.0" encoding="UTF-8"?>
<!-- Generated by org.testng.reporters.JUnitReportReporter -->
<testsuite skipped="0" hostname="LAPTOP-P23OILEH" name="Log4j.OrgHrm" tests="1" failures="0" timestamp="25 Feb 2020 05:40:48 GMT" time="4.813" errors="0">
  <testcase name="test" time="4.813" classname="Log4j.OrgHrm"/>
</testsuite> <!-- Log4j.OrgHrm -->
