<?xml version="1.0" encoding="UTF-8"?>
<!-- Generated by org.testng.reporters.JUnitReportReporter -->
<testsuite skipped="0" hostname="LAPTOP-P23OILEH" name="Feb.RunByListeners" tests="1" failures="0" timestamp="22 Feb 2020 09:42:44 GMT" time="12.210" errors="0">
  <testcase name="test" time="12.210" classname="Feb.RunByListeners"/>
</testsuite> <!-- Feb.RunByListeners -->
