<?xml version="1.0" encoding="UTF-8"?>
<!-- Generated by org.testng.reporters.JUnitReportReporter -->
<testsuite skipped="0" hostname="LAPTOP-P23OILEH" name="WindowElement.Autoit2" tests="1" failures="0" timestamp="01 Sep 2020 09:41:01 GMT" time="37.191" errors="0">
  <testcase name="findWebelement" time="37.191" classname="WindowElement.Autoit2"/>
</testsuite> <!-- WindowElement.Autoit2 -->
