<?xml version="1.0" encoding="UTF-8"?>
<!-- Generated by org.testng.reporters.JUnitReportReporter -->
<testsuite skipped="0" hostname="LAPTOP-P23OILEH" name="com.first.javaScriptExecutor.Tc2" tests="1" failures="0" timestamp="18 Feb 2020 17:45:59 GMT" time="10.116" errors="0">
  <testcase name="ajitkiller" time="10.116" classname="com.first.javaScriptExecutor.Tc2"/>
</testsuite> <!-- com.first.javaScriptExecutor.Tc2 -->
