<?xml version="1.0" encoding="UTF-8"?>
<!-- Generated by org.testng.reporters.JUnitReportReporter -->
<testsuite skipped="0" hostname="LAPTOP-P23OILEH" name="AdvancedUserInteraction.Tc4DragAndDrop" tests="1" failures="0" timestamp="13 Feb 2020 06:29:47 GMT" time="5.138" errors="0">
  <testcase name="DragAndDrop" time="5.138" classname="AdvancedUserInteraction.Tc4DragAndDrop"/>
</testsuite> <!-- AdvancedUserInteraction.Tc4DragAndDrop -->
