<?xml version="1.0" encoding="UTF-8"?>
<!-- Generated by org.testng.reporters.JUnitReportReporter -->
<testsuite skipped="0" hostname="LAPTOP-P23OILEH" name="Alert" tests="1" failures="0" timestamp="07 Feb 2020 17:39:29 GMT" time="0.112" errors="0">
  <testcase name="alertPage" time="0.112" classname="Alert"/>
</testsuite> <!-- Alert -->
