<?xml version="1.0" encoding="UTF-8"?>
<!-- Generated by org.testng.reporters.JUnitReportReporter -->
<testsuite skipped="0" hostname="LAPTOP-P23OILEH" name="com.selenium.keyword.DriverScriptTc2" tests="1" failures="0" timestamp="03 Mar 2020 05:14:38 GMT" time="7.555" errors="0">
  <testcase name="test" time="7.555" classname="com.selenium.keyword.DriverScriptTc2"/>
</testsuite> <!-- com.selenium.keyword.DriverScriptTc2 -->
