<?xml version="1.0" encoding="UTF-8"?>
<!-- Generated by org.testng.reporters.JUnitReportReporter -->
<testsuite skipped="0" hostname="LAPTOP-P23OILEH" name="com.selenium.ExcelFileRead.Tc10WebDriver" tests="1" failures="0" timestamp="26 Feb 2020 05:25:59 GMT" time="0.215" errors="0">
  <testcase name="test" time="0.215" classname="com.selenium.ExcelFileRead.Tc10WebDriver"/>
</testsuite> <!-- com.selenium.ExcelFileRead.Tc10WebDriver -->
