<?xml version="1.0" encoding="UTF-8"?>
<!-- Generated by org.testng.reporters.JUnitReportReporter -->
<testsuite skipped="0" hostname="LAPTOP-P23OILEH" name="HybridFramework.Datadriven" tests="1" failures="0" timestamp="05 Mar 2020 04:11:28 GMT" time="95.096" errors="0">
  <testcase name="data" time="95.096" classname="HybridFramework.Datadriven"/>
</testsuite> <!-- HybridFramework.Datadriven -->
