<?xml version="1.0" encoding="UTF-8"?>
<!-- Generated by org.testng.reporters.JUnitReportReporter -->
<testsuite skipped="0" hostname="LAPTOP-P23OILEH" name="ProgrameWithFarook_05.JsScriptExecutor_Tc3" tests="1" failures="0" timestamp="25 Nov 2020 14:29:48 GMT" time="65.808" errors="0">
  <testcase name="niftyChal" time="65.808" classname="ProgrameWithFarook_05.JsScriptExecutor_Tc3"/>
</testsuite> <!-- ProgrameWithFarook_05.JsScriptExecutor_Tc3 -->
