<?xml version="1.0" encoding="UTF-8"?>
<!-- Generated by org.testng.reporters.JUnitReportReporter -->
<testsuite skipped="0" hostname="LAPTOP-P23OILEH" name="com.testing.DDFramework.Task2Neutours" tests="1" failures="0" timestamp="09 Mar 2020 00:31:59 GMT" time="33.492" errors="0">
  <testcase name="registerlink" time="33.492" classname="com.testing.DDFramework.Task2Neutours"/>
</testsuite> <!-- com.testing.DDFramework.Task2Neutours -->
