<?xml version="1.0" encoding="UTF-8"?>
<!-- Generated by org.testng.reporters.JUnitReportReporter -->
<testsuite skipped="0" hostname="LAPTOP-P23OILEH" name="TestNG.TestngEx2OrgHRM" tests="3" failures="0" timestamp="04 Feb 2020 16:36:38 GMT" time="10.523" errors="0">
  <testcase name="login" time="9.153" classname="TestNG.TestngEx2OrgHRM"/>
  <testcase name="status" time="0.066" classname="TestNG.TestngEx2OrgHRM"/>
  <testcase name="logout" time="1.304" classname="TestNG.TestngEx2OrgHRM"/>
</testsuite> <!-- TestNG.TestngEx2OrgHRM -->
