<?xml version="1.0" encoding="UTF-8"?>
<!-- Generated by org.testng.reporters.JUnitReportReporter -->
<testsuite skipped="0" hostname="LAPTOP-P23OILEH" name="Task1" tests="1" failures="0" timestamp="17 Feb 2020 15:55:51 GMT" time="11.362" errors="0">
  <testcase name="data" time="11.362" classname="Task1"/>
</testsuite> <!-- Task1 -->
