<?xml version="1.0" encoding="UTF-8"?>
<!-- Generated by org.testng.reporters.JUnitReportReporter -->
<testsuite skipped="0" hostname="LAPTOP-P23OILEH" name="AtuTestRecorder.Tc2" tests="1" failures="0" timestamp="25 Feb 2020 06:01:50 GMT" time="13.113" errors="0">
  <testcase name="test" time="13.113" classname="AtuTestRecorder.Tc2"/>
</testsuite> <!-- AtuTestRecorder.Tc2 -->
