<?xml version="1.0" encoding="UTF-8"?>
<!-- Generated by org.testng.reporters.JUnitReportReporter -->
<testsuite skipped="0" hostname="LAPTOP-P23OILEH" name="Cookies" tests="1" failures="0" timestamp="13 Feb 2020 09:01:21 GMT" time="5.068" errors="0">
  <testcase name="data1" time="5.068" classname="Cookies"/>
</testsuite> <!-- Cookies -->
