<?xml version="1.0" encoding="UTF-8"?>
<!-- Generated by org.testng.reporters.JUnitReportReporter -->
<testsuite skipped="0" hostname="LAPTOP-P23OILEH" name="TestNG.TaskTc10" tests="1" failures="0" timestamp="06 Feb 2020 02:16:02 GMT" time="9.541" errors="0">
  <testcase name="getData" time="9.541" classname="TestNG.TaskTc10"/>
</testsuite> <!-- TestNG.TaskTc10 -->
