<?xml version="1.0" encoding="UTF-8"?>
<!-- Generated by org.testng.reporters.JUnitReportReporter -->
<testsuite skipped="0" hostname="LAPTOP-P23OILEH" name="AlertTc2" tests="1" failures="0" timestamp="07 Feb 2020 18:10:31 GMT" time="6.658" errors="0">
  <testcase name="getDataFromAllTable" time="6.658" classname="AlertTc2"/>
</testsuite> <!-- AlertTc2 -->
