<?xml version="1.0" encoding="UTF-8"?>
<!-- Generated by org.testng.reporters.JUnitReportReporter -->
<testsuite skipped="0" hostname="LAPTOP-P23OILEH" name="ProgrameWithFarook_05.DatePicker_Tc1" tests="1" failures="0" timestamp="25 Nov 2020 05:54:53 GMT" time="0.192" errors="0">
  <testcase name="stateMent" time="0.192" classname="ProgrameWithFarook_05.DatePicker_Tc1"/>
</testsuite> <!-- ProgrameWithFarook_05.DatePicker_Tc1 -->
