<?xml version="1.0" encoding="UTF-8"?>
<!-- Generated by org.testng.reporters.JUnitReportReporter -->
<testsuite skipped="0" hostname="LAPTOP-P23OILEH" name="TestNG.WebTask1" tests="1" failures="0" timestamp="05 Feb 2020 11:04:09 GMT" time="13.269" errors="0">
  <testcase name="getDataFromAllRowsAndColumns" time="13.269" classname="TestNG.WebTask1"/>
</testsuite> <!-- TestNG.WebTask1 -->
