<?xml version="1.0" encoding="UTF-8"?>
<!-- Generated by org.testng.reporters.JUnitReportReporter -->
<testsuite skipped="0" hostname="LAPTOP-P23OILEH" name="AtuTestRecorder.BarCode" tests="1" failures="0" timestamp="20 Feb 2020 10:05:49 GMT" time="3.285" errors="0">
  <testcase name="barCode" time="3.285" classname="AtuTestRecorder.BarCode"/>
</testsuite> <!-- AtuTestRecorder.BarCode -->
