<?xml version="1.0" encoding="UTF-8"?>
<!-- Generated by org.testng.reporters.JUnitReportReporter -->
<testsuite skipped="0" hostname="LAPTOP-P23OILEH" name="com.testing.DDFramework.StoreAllData" tests="1" failures="0" timestamp="01 Mar 2020 18:12:39 GMT" time="10.636" errors="0">
  <testcase name="operation" time="10.636" classname="com.testing.DDFramework.StoreAllData"/>
</testsuite> <!-- com.testing.DDFramework.StoreAllData -->
