<?xml version="1.0" encoding="UTF-8"?>
<!-- Generated by org.testng.reporters.JUnitReportReporter -->
<testsuite skipped="0" hostname="LAPTOP-P23OILEH" name="AtuTestRecorder.QRcode" tests="1" failures="0" timestamp="20 Feb 2020 17:07:35 GMT" time="11.570" errors="0">
  <testcase name="barCode" time="11.570" classname="AtuTestRecorder.QRcode"/>
</testsuite> <!-- AtuTestRecorder.QRcode -->
