<?xml version="1.0" encoding="UTF-8"?>
<!-- Generated by org.testng.reporters.JUnitReportReporter -->
<testsuite skipped="0" hostname="LAPTOP-P23OILEH" name="AdvancedUserInteraction.Tc5DragDrop" tests="1" failures="0" timestamp="13 Feb 2020 06:41:57 GMT" time="0.418" errors="0">
  <testcase name="data1" time="0.418" classname="AdvancedUserInteraction.Tc5DragDrop"/>
</testsuite> <!-- AdvancedUserInteraction.Tc5DragDrop -->
